[debug] [2025-01-29T17:28:09.849Z] ----------------------------------------------------------------------
[debug] [2025-01-29T17:28:09.861Z] Command:       /Users/vikkasarunpareek/.nvm/versions/node/v20.10.0/bin/node /Users/vikkasarunpareek/.nvm/versions/node/v20.10.0/bin/firebase emulators:start
[debug] [2025-01-29T17:28:09.861Z] CLI Version:   13.29.2
[debug] [2025-01-29T17:28:09.862Z] Platform:      darwin
[debug] [2025-01-29T17:28:09.862Z] Node Version:  v20.10.0
[debug] [2025-01-29T17:28:09.862Z] Time:          Wed Jan 29 2025 17:28:09 GMT+0000 (Greenwich Mean Time)
[debug] [2025-01-29T17:28:09.862Z] ----------------------------------------------------------------------
[debug] 
[debug] [2025-01-29T17:28:10.117Z] > command requires scopes: ["email","openid","https://www.googleapis.com/auth/cloudplatformprojects.readonly","https://www.googleapis.com/auth/firebase","https://www.googleapis.com/auth/cloud-platform"]
[debug] [2025-01-29T17:28:10.118Z] > authorizing via signed-in user (vapmail16@gmail.com)
[debug] [2025-01-29T17:28:10.344Z] openjdk version "23.0.2" 2025-01-21

[debug] [2025-01-29T17:28:10.344Z] OpenJDK Runtime Environment Homebrew (build 23.0.2)
OpenJDK 64-Bit Server VM Homebrew (build 23.0.2, mixed mode, sharing)

[debug] [2025-01-29T17:28:10.354Z] Parsed Java major version: 23
[info] i  emulators: Starting emulators: auth, functions, firestore, hosting, extensions {"metadata":{"emulator":{"name":"hub"},"message":"Starting emulators: auth, functions, firestore, hosting, extensions"}}
[debug] [2025-01-29T17:28:10.356Z] Checked if tokens are valid: true, expires at: 1738174488337
[debug] [2025-01-29T17:28:10.356Z] Checked if tokens are valid: true, expires at: 1738174488337
[debug] [2025-01-29T17:28:10.357Z] >>> [apiv2][query] GET https://cloudresourcemanager.googleapis.com/v1/projects/birthdayapp-7d373 [none]
[debug] [2025-01-29T17:28:10.559Z] <<< [apiv2][status] GET https://cloudresourcemanager.googleapis.com/v1/projects/birthdayapp-7d373 200
[debug] [2025-01-29T17:28:10.559Z] <<< [apiv2][body] GET https://cloudresourcemanager.googleapis.com/v1/projects/birthdayapp-7d373 {"projectNumber":"7482442190","projectId":"birthdayapp-7d373","lifecycleState":"ACTIVE","name":"BirthdayApp","labels":{"firebase":"enabled","firebase-core":"disabled"},"createTime":"2025-01-27T21:36:03.302863Z"}
[debug] [2025-01-29T17:28:11.138Z] [logging] Logging Emulator only supports listening on one address (127.0.0.1). Not listening on ::1
[debug] [2025-01-29T17:28:11.138Z] [auth] Authentication Emulator only supports listening on one address (127.0.0.1). Not listening on ::1
[debug] [2025-01-29T17:28:11.138Z] [firestore] Firestore Emulator only supports listening on one address (127.0.0.1). Not listening on ::1
[debug] [2025-01-29T17:28:11.139Z] [firestore.websocket] websocket server for firestore only supports listening on one address (127.0.0.1). Not listening on ::1
[debug] [2025-01-29T17:28:11.139Z] [hosting] Hosting Emulator only supports listening on one address (127.0.0.1). Not listening on ::1
[debug] [2025-01-29T17:28:11.139Z] assigned listening specs for emulators {"user":{"hub":[{"address":"127.0.0.1","family":"IPv4","port":4400},{"address":"::1","family":"IPv6","port":4400}],"ui":[{"address":"127.0.0.1","family":"IPv4","port":4000},{"address":"::1","family":"IPv6","port":4000}],"logging":[{"address":"127.0.0.1","family":"IPv4","port":4500}],"auth":[{"address":"127.0.0.1","family":"IPv4","port":9099}],"firestore":[{"address":"127.0.0.1","family":"IPv4","port":8081}],"firestore.websocket":[{"address":"127.0.0.1","family":"IPv4","port":9150}],"hosting":[{"address":"127.0.0.1","family":"IPv4","port":5002}]},"metadata":{"message":"assigned listening specs for emulators"}}
[debug] [2025-01-29T17:28:11.145Z] [hub] writing locator at /var/folders/bf/_s4zv4x14qnfbljtyh1xn6br0000gn/T/hub-birthdayapp-7d373.json
[debug] [2025-01-29T17:28:11.149Z] [Extensions] Started Extensions emulator, this is a noop.
[debug] [2025-01-29T17:28:11.718Z] [functions] Functions Emulator only supports listening on one address (127.0.0.1). Not listening on ::1
[debug] [2025-01-29T17:28:11.719Z] [eventarc] Eventarc Emulator only supports listening on one address (127.0.0.1). Not listening on ::1
[debug] [2025-01-29T17:28:11.719Z] [tasks] Cloud Tasks Emulator only supports listening on one address (127.0.0.1). Not listening on ::1
[debug] [2025-01-29T17:28:11.719Z] late-assigned ports for functions and eventarc emulators {"user":{"hub":[{"address":"127.0.0.1","family":"IPv4","port":4400},{"address":"::1","family":"IPv6","port":4400}],"ui":[{"address":"127.0.0.1","family":"IPv4","port":4000},{"address":"::1","family":"IPv6","port":4000}],"logging":[{"address":"127.0.0.1","family":"IPv4","port":4500}],"auth":[{"address":"127.0.0.1","family":"IPv4","port":9099}],"firestore":[{"address":"127.0.0.1","family":"IPv4","port":8081}],"firestore.websocket":[{"address":"127.0.0.1","family":"IPv4","port":9150}],"hosting":[{"address":"127.0.0.1","family":"IPv4","port":5002}],"functions":[{"address":"127.0.0.1","family":"IPv4","port":5001}],"eventarc":[{"address":"127.0.0.1","family":"IPv4","port":9299}],"tasks":[{"address":"127.0.0.1","family":"IPv4","port":9499}]},"metadata":{"message":"late-assigned ports for functions and eventarc emulators"}}
[warn] ⚠  functions: The following emulators are not running, calls to these services from the Functions emulator will affect production: apphosting, database, pubsub, storage, dataconnect {"metadata":{"emulator":{"name":"functions"},"message":"The following emulators are not running, calls to these services from the Functions emulator will affect production: \u001b[1mapphosting, database, pubsub, storage, dataconnect\u001b[22m"}}
[debug] [2025-01-29T17:28:11.723Z] defaultcredentials: writing to file /Users/vikkasarunpareek/.config/firebase/vapmail16_gmail_com_application_default_credentials.json
[debug] [2025-01-29T17:28:11.727Z] Setting GAC to /Users/vikkasarunpareek/.config/firebase/vapmail16_gmail_com_application_default_credentials.json {"metadata":{"emulator":{"name":"functions"},"message":"Setting GAC to /Users/vikkasarunpareek/.config/firebase/vapmail16_gmail_com_application_default_credentials.json"}}
[debug] [2025-01-29T17:28:11.727Z] Checked if tokens are valid: true, expires at: 1738174488337
[debug] [2025-01-29T17:28:11.727Z] Checked if tokens are valid: true, expires at: 1738174488337
[debug] [2025-01-29T17:28:11.727Z] >>> [apiv2][query] GET https://firebase.googleapis.com/v1beta1/projects/birthdayapp-7d373/adminSdkConfig [none]
[debug] [2025-01-29T17:28:12.008Z] <<< [apiv2][status] GET https://firebase.googleapis.com/v1beta1/projects/birthdayapp-7d373/adminSdkConfig 200
[debug] [2025-01-29T17:28:12.008Z] <<< [apiv2][body] GET https://firebase.googleapis.com/v1beta1/projects/birthdayapp-7d373/adminSdkConfig {"projectId":"birthdayapp-7d373","storageBucket":"birthdayapp-7d373.firebasestorage.app"}
[warn] ⚠  firestore: Cloud Firestore Emulator does not support multiple databases yet. {"metadata":{"emulator":{"name":"firestore"},"message":"Cloud Firestore Emulator does not support multiple databases yet."}}
[warn] ⚠  firestore: Did not find a Cloud Firestore rules file specified in a firebase.json config file. {"metadata":{"emulator":{"name":"firestore"},"message":"Did not find a Cloud Firestore rules file specified in a firebase.json config file."}}
[warn] ⚠  firestore: The emulator will default to allowing all reads and writes. Learn more about this option: https://firebase.google.com/docs/emulator-suite/install_and_configure#security_rules_configuration. {"metadata":{"emulator":{"name":"firestore"},"message":"The emulator will default to allowing all reads and writes. Learn more about this option: https://firebase.google.com/docs/emulator-suite/install_and_configure#security_rules_configuration."}}
[debug] [2025-01-29T17:28:12.043Z] Ignoring unsupported arg: auto_download {"metadata":{"emulator":{"name":"firestore"},"message":"Ignoring unsupported arg: auto_download"}}
[debug] [2025-01-29T17:28:12.043Z] Ignoring unsupported arg: single_project_mode_error {"metadata":{"emulator":{"name":"firestore"},"message":"Ignoring unsupported arg: single_project_mode_error"}}
[debug] [2025-01-29T17:28:12.043Z] Starting Firestore Emulator with command {"binary":"java","args":["-Dgoogle.cloud_firestore.debug_log_level=FINE","-Duser.language=en","-jar","/Users/vikkasarunpareek/.cache/firebase/emulators/cloud-firestore-emulator-v1.19.8.jar","--host","127.0.0.1","--port",8081,"--websocket_port",9150,"--project_id","birthdayapp-7d373","--single_project_mode",true,"--functions_emulator","127.0.0.1:5001"],"optionalArgs":["port","webchannel_port","host","rules","websocket_port","functions_emulator","seed_from_export","project_id","single_project_mode"],"joinArgs":false,"shell":false,"port":8081} {"metadata":{"emulator":{"name":"firestore"},"message":"Starting Firestore Emulator with command {\"binary\":\"java\",\"args\":[\"-Dgoogle.cloud_firestore.debug_log_level=FINE\",\"-Duser.language=en\",\"-jar\",\"/Users/vikkasarunpareek/.cache/firebase/emulators/cloud-firestore-emulator-v1.19.8.jar\",\"--host\",\"127.0.0.1\",\"--port\",8081,\"--websocket_port\",9150,\"--project_id\",\"birthdayapp-7d373\",\"--single_project_mode\",true,\"--functions_emulator\",\"127.0.0.1:5001\"],\"optionalArgs\":[\"port\",\"webchannel_port\",\"host\",\"rules\",\"websocket_port\",\"functions_emulator\",\"seed_from_export\",\"project_id\",\"single_project_mode\"],\"joinArgs\":false,\"shell\":false,\"port\":8081}"}}
[info] i  firestore: Firestore Emulator logging to firestore-debug.log {"metadata":{"emulator":{"name":"firestore"},"message":"Firestore Emulator logging to \u001b[1mfirestore-debug.log\u001b[22m"}}
[debug] [2025-01-29T17:28:13.594Z] Jan 29, 2025 5:28:13 PM com.google.cloud.datastore.emulator.firestore.websocket.WebSocketServer start
INFO: Started WebSocket server on ws://127.0.0.1:9150
 {"metadata":{"emulator":{"name":"firestore"},"message":"Jan 29, 2025 5:28:13 PM com.google.cloud.datastore.emulator.firestore.websocket.WebSocketServer start\nINFO: Started WebSocket server on ws://127.0.0.1:9150\n"}}
[debug] [2025-01-29T17:28:13.624Z] API endpoint: http://127.0.0.1:8081
If you are using a library that supports the FIRESTORE_EMULATOR_HOST environment variable, run:

   export FIRESTORE_EMULATOR_HOST=127.0.0.1:8081

If you are running a Firestore in Datastore Mode project, run:

   export DATASTORE_EMULATOR_HOST=127.0.0.1:8081

Note: Support for Datastore Mode is in preview. If you encounter any bugs please file at https://github.com/firebase/firebase-tools/issues.
Dev App Server is now running.

 {"metadata":{"emulator":{"name":"firestore"},"message":"API endpoint: http://127.0.0.1:8081\nIf you are using a library that supports the FIRESTORE_EMULATOR_HOST environment variable, run:\n\n   export FIRESTORE_EMULATOR_HOST=127.0.0.1:8081\n\nIf you are running a Firestore in Datastore Mode project, run:\n\n   export DATASTORE_EMULATOR_HOST=127.0.0.1:8081\n\nNote: Support for Datastore Mode is in preview. If you encounter any bugs please file at https://github.com/firebase/firebase-tools/issues.\nDev App Server is now running.\n\n"}}
[info] ✔  firestore: Firestore Emulator UI websocket is running on 9150. {"metadata":{"emulator":{"name":"firestore"},"message":"Firestore Emulator UI websocket is running on 9150."}}
[debug] [2025-01-29T17:28:19.977Z] Checked if tokens are valid: true, expires at: 1738174488337
[debug] [2025-01-29T17:28:19.977Z] Checked if tokens are valid: true, expires at: 1738174488337
[debug] [2025-01-29T17:28:19.978Z] >>> [apiv2][query] GET https://firebasehosting.googleapis.com/v1beta1/projects/birthdayapp-7d373/sites 
[debug] [2025-01-29T17:28:21.188Z] <<< [apiv2][status] GET https://firebasehosting.googleapis.com/v1beta1/projects/birthdayapp-7d373/sites 200
[debug] [2025-01-29T17:28:21.188Z] <<< [apiv2][body] GET https://firebasehosting.googleapis.com/v1beta1/projects/birthdayapp-7d373/sites {"sites":[{"name":"projects/birthdayapp-7d373/sites/birthdayapp-7d373","defaultUrl":"https://birthdayapp-7d373.web.app","appId":"1:7482442190:web:38c4dd8573b2578e07eb9f","type":"DEFAULT_SITE"}]}
[debug] [2025-01-29T17:28:21.189Z] Checked if tokens are valid: true, expires at: 1738174488337
[debug] [2025-01-29T17:28:21.189Z] Checked if tokens are valid: true, expires at: 1738174488337
[debug] [2025-01-29T17:28:21.189Z] >>> [apiv2][query] GET https://firebase.googleapis.com/v1beta1/projects/birthdayapp-7d373/webApps/1:7482442190:web:38c4dd8573b2578e07eb9f/config [none]
[debug] [2025-01-29T17:28:21.791Z] <<< [apiv2][status] GET https://firebase.googleapis.com/v1beta1/projects/birthdayapp-7d373/webApps/1:7482442190:web:38c4dd8573b2578e07eb9f/config 200
[debug] [2025-01-29T17:28:21.792Z] <<< [apiv2][body] GET https://firebase.googleapis.com/v1beta1/projects/birthdayapp-7d373/webApps/1:7482442190:web:38c4dd8573b2578e07eb9f/config {"projectId":"birthdayapp-7d373","appId":"1:7482442190:web:38c4dd8573b2578e07eb9f","storageBucket":"birthdayapp-7d373.firebasestorage.app","apiKey":"AIzaSyBo3O7Nb5ghRwB40Ke0VslmrsLjlTh_cws","authDomain":"birthdayapp-7d373.firebaseapp.com","messagingSenderId":"7482442190","measurementId":"G-5ZXN7GD6CQ"}
[debug] [2025-01-29T17:28:21.816Z] Checked if tokens are valid: true, expires at: 1738174488337
[debug] [2025-01-29T17:28:21.816Z] Checked if tokens are valid: true, expires at: 1738174488337
[debug] [2025-01-29T17:28:21.816Z] >>> [apiv2][query] GET https://firebase.googleapis.com/v1beta1/projects/birthdayapp-7d373 [none]
[debug] [2025-01-29T17:28:22.039Z] <<< [apiv2][status] GET https://firebase.googleapis.com/v1beta1/projects/birthdayapp-7d373 200
[debug] [2025-01-29T17:28:22.039Z] <<< [apiv2][body] GET https://firebase.googleapis.com/v1beta1/projects/birthdayapp-7d373 {"projectId":"birthdayapp-7d373","projectNumber":"7482442190","displayName":"BirthdayApp","name":"projects/birthdayapp-7d373","resources":{"hostingSite":"birthdayapp-7d373"},"state":"ACTIVE","etag":"1_f231ac42-b92c-4a81-86ee-dcd2843d2909"}
[info] i  hosting[birthdayapp-7d373]: Serving hosting files from: public {"metadata":{"emulator":{"name":"hosting"},"message":"Serving hosting files from: \u001b[1mpublic\u001b[22m"}}
[info] ✔  hosting[birthdayapp-7d373]: Local server: http://127.0.0.1:5002 {"metadata":{"emulator":{"name":"hosting"},"message":"Local server: \u001b[4m\u001b[1mhttp://127.0.0.1:5002\u001b[22m\u001b[24m"}}
[debug] [2025-01-29T17:28:22.121Z] [Extensions] Connecting Extensions emulator, this is a noop.
[info] i  functions: Watching "/Users/vikkasarunpareek/Desktop/AI/Projects/BirthdayApp/functions" for Cloud Functions... {"metadata":{"emulator":{"name":"functions"},"message":"Watching \"/Users/vikkasarunpareek/Desktop/AI/Projects/BirthdayApp/functions\" for Cloud Functions..."}}
[debug] [2025-01-29T17:28:22.129Z] Validating nodejs source
[warn] ⚠  functions: package.json indicates an outdated version of firebase-functions. Please upgrade using npm install --save firebase-functions@latest in your functions directory. 
[warn] ⚠  functions: Please note that there will be breaking changes when you upgrade. 
[debug] [2025-01-29T17:28:23.161Z] > [functions] package.json contents: {
  "name": "functions",
  "description": "Cloud Functions for Firebase",
  "scripts": {
    "serve": "firebase emulators:start --only functions",
    "shell": "firebase functions:shell",
    "start": "npm run shell",
    "deploy": "firebase deploy --only functions",
    "logs": "firebase functions:log"
  },
  "engines": {
    "node": "18"
  },
  "dependencies": {
    "@sendgrid/mail": "^7.7.0",
    "cors": "^2.8.5",
    "firebase-admin": "^11.8.0",
    "firebase-functions": "^4.3.1"
  },
  "private": true
}
[debug] [2025-01-29T17:28:23.161Z] Building nodejs source
[debug] [2025-01-29T17:28:23.162Z] Failed to find version of module node: reached end of search path /Users/vikkasarunpareek/Desktop/AI/Projects/BirthdayApp/functions/node_modules
[warn] ⚠  functions: Your requested "node" version "18" doesn't match your global version "20". Using node@20 from host. 
[info] i  functions: You are using a version of firebase-functions SDK (4.9.0) that does not have support for the newest Firebase Extensions features. Please update firebase-functions SDK to >=5.1.0 to use them correctly 
[debug] [2025-01-29T17:28:23.164Z] Could not find functions.yaml. Must use http discovery
[debug] [2025-01-29T17:28:23.172Z] Found firebase-functions binary at '/Users/vikkasarunpareek/Desktop/AI/Projects/BirthdayApp/functions/node_modules/.bin/firebase-functions'
[info] Serving at port 8761

[error] TypeError: Cannot read properties of undefined (reading 'key')
    at Object.<anonymous> (/Users/vikkasarunpareek/Desktop/AI/Projects/BirthdayApp/functions/index.js:11:34)
    at Module._compile (node:internal/modules/cjs/loader:1376:14)
    at Module._extensions..js (node:internal/modules/cjs/loader:1435:10)
    at Module.load (node:internal/modules/cjs/loader:1207:32)
    at Module._load (node:internal/modules/cjs/loader:1023:12)
    at Module.require (node:internal/modules/cjs/loader:1235:19)
    at require (node:internal/modules/helpers:176:18)
    at loadModule (/Users/vikkasarunpareek/Desktop/AI/Projects/BirthdayApp/functions/node_modules/firebase-functions/lib/runtime/loader.js:40:16)
    at loadStack (/Users/vikkasarunpareek/Desktop/AI/Projects/BirthdayApp/functions/node_modules/firebase-functions/lib/runtime/loader.js:93:23)
    at /Users/vikkasarunpareek/Desktop/AI/Projects/BirthdayApp/functions/node_modules/firebase-functions/lib/bin/firebase-functions.js:56:56

[debug] [2025-01-29T17:28:23.864Z] Got response code 400; body Failed to generate manifest from function source: TypeError: Cannot read properties of undefined (reading 'key')
[error] ⬢  functions: Failed to load function definition from source: FirebaseError: Functions codebase could not be analyzed successfully. It may have a syntax or runtime error {"metadata":{"emulator":{"name":"functions"},"message":"Failed to load function definition from source: FirebaseError: Functions codebase could not be analyzed successfully. It may have a syntax or runtime error"}}
[debug] [2025-01-29T17:28:28.897Z] Could not find VSCode notification endpoint: FetchError: request to http://localhost:40001/vscode/notify failed, reason: . If you are not running the Firebase Data Connect VSCode extension, this is expected and not an issue.
[info] 
┌─────────────────────────────────────────────────────────────┐
│ ✔  All emulators ready! It is now safe to connect your app. │
│ i  View Emulator UI at http://127.0.0.1:4000/               │
└─────────────────────────────────────────────────────────────┘

┌────────────────┬────────────────┬──────────────────────────────────┐
│ Emulator       │ Host:Port      │ View in Emulator UI              │
├────────────────┼────────────────┼──────────────────────────────────┤
│ Authentication │ 127.0.0.1:9099 │ http://127.0.0.1:4000/auth       │
├────────────────┼────────────────┼──────────────────────────────────┤
│ Functions      │ 127.0.0.1:5001 │ http://127.0.0.1:4000/functions  │
├────────────────┼────────────────┼──────────────────────────────────┤
│ Firestore      │ 127.0.0.1:8081 │ http://127.0.0.1:4000/firestore  │
├────────────────┼────────────────┼──────────────────────────────────┤
│ Hosting        │ 127.0.0.1:5002 │ n/a                              │
├────────────────┼────────────────┼──────────────────────────────────┤
│ Extensions     │ 127.0.0.1:5001 │ http://127.0.0.1:4000/extensions │
└────────────────┴────────────────┴──────────────────────────────────┘
  Emulator Hub running at 127.0.0.1:4400
  Other reserved ports: 4500, 9150
┌─────────────────────────┬───────────────┬─────────────────────┐
│ Extension Instance Name │ Extension Ref │ View in Emulator UI │
└─────────────────────────┴───────────────┴─────────────────────┘
Issues? Report them at https://github.com/firebase/firebase-tools/issues and attach the *-debug.log files.
 
[debug] [2025-01-29T17:28:48.928Z] Jan 29, 2025 5:28:48 PM com.google.cloud.datastore.emulator.firestore.websocket.WebSocketChannelHandler initChannel
INFO: Connected to new websocket client
 {"metadata":{"emulator":{"name":"firestore"},"message":"Jan 29, 2025 5:28:48 PM com.google.cloud.datastore.emulator.firestore.websocket.WebSocketChannelHandler initChannel\nINFO: Connected to new websocket client\n"}}
[debug] [2025-01-29T17:48:05.725Z] Jan 29, 2025 5:48:05 PM com.google.cloud.datastore.emulator.firestore.websocket.WebSocketChannelHandler channelClosed
INFO: Websocket client disconnected
 {"metadata":{"emulator":{"name":"firestore"},"message":"Jan 29, 2025 5:48:05 PM com.google.cloud.datastore.emulator.firestore.websocket.WebSocketChannelHandler channelClosed\nINFO: Websocket client disconnected\n"}}
[debug] [2025-01-29T17:48:06.663Z] Jan 29, 2025 5:48:06 PM com.google.cloud.datastore.emulator.firestore.websocket.WebSocketChannelHandler initChannel
INFO: Connected to new websocket client
 {"metadata":{"emulator":{"name":"firestore"},"message":"Jan 29, 2025 5:48:06 PM com.google.cloud.datastore.emulator.firestore.websocket.WebSocketChannelHandler initChannel\nINFO: Connected to new websocket client\n"}}
[debug] [2025-01-29T17:51:40.437Z] Jan 29, 2025 5:51:40 PM com.google.cloud.datastore.emulator.firestore.websocket.WebSocketChannelHandler initChannel
INFO: Connected to new websocket client
 {"metadata":{"emulator":{"name":"firestore"},"message":"Jan 29, 2025 5:51:40 PM com.google.cloud.datastore.emulator.firestore.websocket.WebSocketChannelHandler initChannel\nINFO: Connected to new websocket client\n"}}
[debug] [2025-01-29T18:21:29.362Z] File /Users/vikkasarunpareek/Desktop/AI/Projects/BirthdayApp/functions/index.js changed, reloading triggers {"metadata":{"emulator":{"name":"functions"},"message":"File /Users/vikkasarunpareek/Desktop/AI/Projects/BirthdayApp/functions/index.js changed, reloading triggers"}}
[debug] [2025-01-29T18:21:30.517Z] Validating nodejs source
[warn] ⚠  functions: package.json indicates an outdated version of firebase-functions. Please upgrade using npm install --save firebase-functions@latest in your functions directory. 
[warn] ⚠  functions: Please note that there will be breaking changes when you upgrade. 
[debug] [2025-01-29T18:21:33.447Z] > [functions] package.json contents: {
  "name": "functions",
  "description": "Cloud Functions for Firebase",
  "scripts": {
    "serve": "firebase emulators:start --only functions",
    "shell": "firebase functions:shell",
    "start": "npm run shell",
    "deploy": "firebase deploy --only functions",
    "logs": "firebase functions:log"
  },
  "engines": {
    "node": "18"
  },
  "dependencies": {
    "@sendgrid/mail": "^7.7.0",
    "cors": "^2.8.5",
    "firebase-admin": "^11.8.0",
    "firebase-functions": "^4.3.1"
  },
  "private": true
}
[debug] [2025-01-29T18:21:33.448Z] Building nodejs source
[debug] [2025-01-29T18:21:33.453Z] Failed to find version of module node: reached end of search path /Users/vikkasarunpareek/Desktop/AI/Projects/BirthdayApp/functions/node_modules
[warn] ⚠  functions: Your requested "node" version "18" doesn't match your global version "20". Using node@20 from host. 
[info] i  functions: You are using a version of firebase-functions SDK (4.9.0) that does not have support for the newest Firebase Extensions features. Please update firebase-functions SDK to >=5.1.0 to use them correctly 
[debug] [2025-01-29T18:21:33.481Z] Could not find functions.yaml. Must use http discovery
[debug] [2025-01-29T18:21:33.511Z] Found firebase-functions binary at '/Users/vikkasarunpareek/Desktop/AI/Projects/BirthdayApp/functions/node_modules/.bin/firebase-functions'
[info] Serving at port 8333

[error] TypeError: Cannot read properties of undefined (reading 'key')
    at Object.<anonymous> (/Users/vikkasarunpareek/Desktop/AI/Projects/BirthdayApp/functions/index.js:11:34)
    at Module._compile (node:internal/modules/cjs/loader:1376:14)
    at Module._extensions..js (node:internal/modules/cjs/loader:1435:10)
    at Module.load (node:internal/modules/cjs/loader:1207:32)
    at Module._load (node:internal/modules/cjs/loader:1023:12)
    at Module.require (node:internal/modules/cjs/loader:1235:19)
    at require (node:internal/modules/helpers:176:18)
    at loadModule (/Users/vikkasarunpareek/Desktop/AI/Projects/BirthdayApp/functions/node_modules/firebase-functions/lib/runtime/loader.js:40:16)
    at loadStack (/Users/vikkasarunpareek/Desktop/AI/Projects/BirthdayApp/functions/node_modules/firebase-functions/lib/runtime/loader.js:93:23)
    at /Users/vikkasarunpareek/Desktop/AI/Projects/BirthdayApp/functions/node_modules/firebase-functions/lib/bin/firebase-functions.js:56:56

[debug] [2025-01-29T18:21:34.824Z] Got response code 400; body Failed to generate manifest from function source: TypeError: Cannot read properties of undefined (reading 'key')
[error] ⬢  functions: Failed to load function definition from source: FirebaseError: Functions codebase could not be analyzed successfully. It may have a syntax or runtime error {"metadata":{"emulator":{"name":"functions"},"message":"Failed to load function definition from source: FirebaseError: Functions codebase could not be analyzed successfully. It may have a syntax or runtime error"}}
[debug] [2025-01-29T18:25:39.609Z] Jan 29, 2025 6:25:39 PM com.google.cloud.datastore.emulator.firestore.websocket.WebSocketChannelHandler channelClosed
INFO: Websocket client disconnected
 {"metadata":{"emulator":{"name":"firestore"},"message":"Jan 29, 2025 6:25:39 PM com.google.cloud.datastore.emulator.firestore.websocket.WebSocketChannelHandler channelClosed\nINFO: Websocket client disconnected\n"}}
[debug] [2025-01-29T18:25:41.315Z] Jan 29, 2025 6:25:41 PM com.google.cloud.datastore.emulator.firestore.websocket.WebSocketChannelHandler initChannel
INFO: Connected to new websocket client
 {"metadata":{"emulator":{"name":"firestore"},"message":"Jan 29, 2025 6:25:41 PM com.google.cloud.datastore.emulator.firestore.websocket.WebSocketChannelHandler initChannel\nINFO: Connected to new websocket client\n"}}
[debug] [2025-01-29T18:30:05.301Z] File /Users/vikkasarunpareek/Desktop/AI/Projects/BirthdayApp/functions/index.js changed, reloading triggers {"metadata":{"emulator":{"name":"functions"},"message":"File /Users/vikkasarunpareek/Desktop/AI/Projects/BirthdayApp/functions/index.js changed, reloading triggers"}}
[debug] [2025-01-29T18:30:06.354Z] Validating nodejs source
[warn] ⚠  functions: package.json indicates an outdated version of firebase-functions. Please upgrade using npm install --save firebase-functions@latest in your functions directory. 
[warn] ⚠  functions: Please note that there will be breaking changes when you upgrade. 
[debug] [2025-01-29T18:30:07.583Z] > [functions] package.json contents: {
  "name": "functions",
  "description": "Cloud Functions for Firebase",
  "scripts": {
    "serve": "firebase emulators:start --only functions",
    "shell": "firebase functions:shell",
    "start": "npm run shell",
    "deploy": "firebase deploy --only functions",
    "logs": "firebase functions:log"
  },
  "engines": {
    "node": "18"
  },
  "dependencies": {
    "@sendgrid/mail": "^7.7.0",
    "cors": "^2.8.5",
    "firebase-admin": "^11.8.0",
    "firebase-functions": "^4.3.1"
  },
  "private": true
}
[debug] [2025-01-29T18:30:07.583Z] Building nodejs source
[debug] [2025-01-29T18:30:07.587Z] Failed to find version of module node: reached end of search path /Users/vikkasarunpareek/Desktop/AI/Projects/BirthdayApp/functions/node_modules
[warn] ⚠  functions: Your requested "node" version "18" doesn't match your global version "20". Using node@20 from host. 
[info] i  functions: You are using a version of firebase-functions SDK (4.9.0) that does not have support for the newest Firebase Extensions features. Please update firebase-functions SDK to >=5.1.0 to use them correctly 
[debug] [2025-01-29T18:30:07.600Z] Could not find functions.yaml. Must use http discovery
[debug] [2025-01-29T18:30:07.617Z] Found firebase-functions binary at '/Users/vikkasarunpareek/Desktop/AI/Projects/BirthdayApp/functions/node_modules/.bin/firebase-functions'
[info] Serving at port 8220

[error] TypeError: Cannot read properties of undefined (reading 'key')
    at Object.<anonymous> (/Users/vikkasarunpareek/Desktop/AI/Projects/BirthdayApp/functions/index.js:11:34)
    at Module._compile (node:internal/modules/cjs/loader:1376:14)
    at Module._extensions..js (node:internal/modules/cjs/loader:1435:10)
    at Module.load (node:internal/modules/cjs/loader:1207:32)
    at Module._load (node:internal/modules/cjs/loader:1023:12)
    at Module.require (node:internal/modules/cjs/loader:1235:19)
    at require (node:internal/modules/helpers:176:18)
    at loadModule (/Users/vikkasarunpareek/Desktop/AI/Projects/BirthdayApp/functions/node_modules/firebase-functions/lib/runtime/loader.js:40:16)
    at loadStack (/Users/vikkasarunpareek/Desktop/AI/Projects/BirthdayApp/functions/node_modules/firebase-functions/lib/runtime/loader.js:93:23)
    at /Users/vikkasarunpareek/Desktop/AI/Projects/BirthdayApp/functions/node_modules/firebase-functions/lib/bin/firebase-functions.js:56:56

[debug] [2025-01-29T18:30:08.592Z] Got response code 400; body Failed to generate manifest from function source: TypeError: Cannot read properties of undefined (reading 'key')
[error] ⬢  functions: Failed to load function definition from source: FirebaseError: Functions codebase could not be analyzed successfully. It may have a syntax or runtime error {"metadata":{"emulator":{"name":"functions"},"message":"Failed to load function definition from source: FirebaseError: Functions codebase could not be analyzed successfully. It may have a syntax or runtime error"}}
[debug] [2025-01-29T19:19:42.619Z] Received signal SIGHUP 1
[info]  
[info] i  emulators: Received SIGHUP for the first time. Starting a clean shutdown. 
[info] i  emulators: Please wait for a clean shutdown or send the SIGHUP signal again to stop right now. 
[debug] [2025-01-29T19:19:43.464Z] Error: write EIO
    at afterWriteDispatched (node:internal/stream_base_commons:160:15)
    at writeGeneric (node:internal/stream_base_commons:151:3)
    at Socket._writeGeneric (node:net:952:11)
    at Socket._write (node:net:964:8)
    at writeOrBuffer (node:internal/streams/writable:556:12)
    at _write (node:internal/streams/writable:490:10)
    at Writable.write (node:internal/streams/writable:494:10)
    at Console.log (/Users/vikkasarunpareek/.nvm/versions/node/v20.10.0/lib/node_modules/firebase-tools/node_modules/winston/lib/winston/transports/console.js:87:23)
    at Console._write (/Users/vikkasarunpareek/.nvm/versions/node/v20.10.0/lib/node_modules/firebase-tools/node_modules/winston-transport/modern.js:103:17)
    at doWrite (/Users/vikkasarunpareek/.nvm/versions/node/v20.10.0/lib/node_modules/firebase-tools/node_modules/winston-transport/node_modules/readable-stream/lib/_stream_writable.js:390:139)
[error] 
[error] Error: An unexpected error has occurred.
[debug] [2025-01-29T19:19:43.512Z] Error: write EIO
    at afterWriteDispatched (node:internal/stream_base_commons:160:15)
    at writeGeneric (node:internal/stream_base_commons:151:3)
    at Socket._writeGeneric (node:net:952:11)
    at Socket._write (node:net:964:8)
    at writeOrBuffer (node:internal/streams/writable:556:12)
    at _write (node:internal/streams/writable:490:10)
    at Writable.write (node:internal/streams/writable:494:10)
    at Console.log (/Users/vikkasarunpareek/.nvm/versions/node/v20.10.0/lib/node_modules/firebase-tools/node_modules/winston/lib/winston/transports/console.js:87:23)
    at Console._write (/Users/vikkasarunpareek/.nvm/versions/node/v20.10.0/lib/node_modules/firebase-tools/node_modules/winston-transport/modern.js:103:17)
    at doWrite (/Users/vikkasarunpareek/.nvm/versions/node/v20.10.0/lib/node_modules/firebase-tools/node_modules/winston-transport/node_modules/readable-stream/lib/_stream_writable.js:390:139)
[error] 
[error] Error: An unexpected error has occurred.
[debug] [2025-01-29T19:19:43.532Z] Error: write EIO
    at afterWriteDispatched (node:internal/stream_base_commons:160:15)
    at writeGeneric (node:internal/stream_base_commons:151:3)
    at Socket._writeGeneric (node:net:952:11)
    at Socket._write (node:net:964:8)
    at writeOrBuffer (node:internal/streams/writable:556:12)
    at _write (node:internal/streams/writable:490:10)
    at Writable.write (node:internal/streams/writable:494:10)
    at Console.log (/Users/vikkasarunpareek/.nvm/versions/node/v20.10.0/lib/node_modules/firebase-tools/node_modules/winston/lib/winston/transports/console.js:87:23)
    at Console._write (/Users/vikkasarunpareek/.nvm/versions/node/v20.10.0/lib/node_modules/firebase-tools/node_modules/winston-transport/modern.js:103:17)
    at doWrite (/Users/vikkasarunpareek/.nvm/versions/node/v20.10.0/lib/node_modules/firebase-tools/node_modules/winston-transport/node_modules/readable-stream/lib/_stream_writable.js:390:139)
[error] 
[error] Error: An unexpected error has occurred.
[debug] [2025-01-29T19:19:43.549Z] Error: write EIO
    at afterWriteDispatched (node:internal/stream_base_commons:160:15)
    at writeGeneric (node:internal/stream_base_commons:151:3)
    at Socket._writeGeneric (node:net:952:11)
    at Socket._write (node:net:964:8)
    at writeOrBuffer (node:internal/streams/writable:556:12)
    at _write (node:internal/streams/writable:490:10)
    at Writable.write (node:internal/streams/writable:494:10)
    at Console.log (/Users/vikkasarunpareek/.nvm/versions/node/v20.10.0/lib/node_modules/firebase-tools/node_modules/winston/lib/winston/transports/console.js:87:23)
    at Console._write (/Users/vikkasarunpareek/.nvm/versions/node/v20.10.0/lib/node_modules/firebase-tools/node_modules/winston-transport/modern.js:103:17)
    at doWrite (/Users/vikkasarunpareek/.nvm/versions/node/v20.10.0/lib/node_modules/firebase-tools/node_modules/winston-transport/node_modules/readable-stream/lib/_stream_writable.js:390:139)
[error] 
[error] Error: An unexpected error has occurred.
[debug] [2025-01-29T19:19:43.556Z] Error: write EIO
    at afterWriteDispatched (node:internal/stream_base_commons:160:15)
    at writeGeneric (node:internal/stream_base_commons:151:3)
    at Socket._writeGeneric (node:net:952:11)
    at Socket._write (node:net:964:8)
    at writeOrBuffer (node:internal/streams/writable:556:12)
    at _write (node:internal/streams/writable:490:10)
    at Writable.write (node:internal/streams/writable:494:10)
    at Console.log (/Users/vikkasarunpareek/.nvm/versions/node/v20.10.0/lib/node_modules/firebase-tools/node_modules/winston/lib/winston/transports/console.js:87:23)
    at Console._write (/Users/vikkasarunpareek/.nvm/versions/node/v20.10.0/lib/node_modules/firebase-tools/node_modules/winston-transport/modern.js:103:17)
    at doWrite (/Users/vikkasarunpareek/.nvm/versions/node/v20.10.0/lib/node_modules/firebase-tools/node_modules/winston-transport/node_modules/readable-stream/lib/_stream_writable.js:390:139)
[error] 
[error] Error: An unexpected error has occurred.
[debug] [2025-01-29T19:19:43.560Z] Error: write EIO
    at afterWriteDispatched (node:internal/stream_base_commons:160:15)
    at writeGeneric (node:internal/stream_base_commons:151:3)
    at Socket._writeGeneric (node:net:952:11)
    at Socket._write (node:net:964:8)
    at writeOrBuffer (node:internal/streams/writable:556:12)
    at _write (node:internal/streams/writable:490:10)
    at Writable.write (node:internal/streams/writable:494:10)
    at Console.log (/Users/vikkasarunpareek/.nvm/versions/node/v20.10.0/lib/node_modules/firebase-tools/node_modules/winston/lib/winston/transports/console.js:87:23)
    at Console._write (/Users/vikkasarunpareek/.nvm/versions/node/v20.10.0/lib/node_modules/firebase-tools/node_modules/winston-transport/modern.js:103:17)
    at doWrite (/Users/vikkasarunpareek/.nvm/versions/node/v20.10.0/lib/node_modules/firebase-tools/node_modules/winston-transport/node_modules/readable-stream/lib/_stream_writable.js:390:139)
[error] 
[error] Error: An unexpected error has occurred.
[debug] [2025-01-29T19:19:43.581Z] Error: write EIO
    at afterWriteDispatched (node:internal/stream_base_commons:160:15)
    at writeGeneric (node:internal/stream_base_commons:151:3)
    at Socket._writeGeneric (node:net:952:11)
    at Socket._write (node:net:964:8)
    at writeOrBuffer (node:internal/streams/writable:556:12)
    at _write (node:internal/streams/writable:490:10)
    at Writable.write (node:internal/streams/writable:494:10)
    at Console.log (/Users/vikkasarunpareek/.nvm/versions/node/v20.10.0/lib/node_modules/firebase-tools/node_modules/winston/lib/winston/transports/console.js:87:23)
    at Console._write (/Users/vikkasarunpareek/.nvm/versions/node/v20.10.0/lib/node_modules/firebase-tools/node_modules/winston-transport/modern.js:103:17)
    at doWrite (/Users/vikkasarunpareek/.nvm/versions/node/v20.10.0/lib/node_modules/firebase-tools/node_modules/winston-transport/node_modules/readable-stream/lib/_stream_writable.js:390:139)
[error] 
[error] Error: An unexpected error has occurred.
[debug] [2025-01-29T19:19:43.587Z] Error: write EIO
    at afterWriteDispatched (node:internal/stream_base_commons:160:15)
    at writeGeneric (node:internal/stream_base_commons:151:3)
    at Socket._writeGeneric (node:net:952:11)
    at Socket._write (node:net:964:8)
    at writeOrBuffer (node:internal/streams/writable:556:12)
    at _write (node:internal/streams/writable:490:10)
    at Writable.write (node:internal/streams/writable:494:10)
    at Console.log (/Users/vikkasarunpareek/.nvm/versions/node/v20.10.0/lib/node_modules/firebase-tools/node_modules/winston/lib/winston/transports/console.js:87:23)
    at Console._write (/Users/vikkasarunpareek/.nvm/versions/node/v20.10.0/lib/node_modules/firebase-tools/node_modules/winston-transport/modern.js:103:17)
    at doWrite (/Users/vikkasarunpareek/.nvm/versions/node/v20.10.0/lib/node_modules/firebase-tools/node_modules/winston-transport/node_modules/readable-stream/lib/_stream_writable.js:390:139)
[error] 
[error] Error: An unexpected error has occurred.
[debug] [2025-01-29T19:19:43.634Z] Error: write EIO
    at afterWriteDispatched (node:internal/stream_base_commons:160:15)
    at writeGeneric (node:internal/stream_base_commons:151:3)
    at Socket._writeGeneric (node:net:952:11)
    at Socket._write (node:net:964:8)
    at writeOrBuffer (node:internal/streams/writable:556:12)
    at _write (node:internal/streams/writable:490:10)
    at Writable.write (node:internal/streams/writable:494:10)
    at Console.log (/Users/vikkasarunpareek/.nvm/versions/node/v20.10.0/lib/node_modules/firebase-tools/node_modules/winston/lib/winston/transports/console.js:87:23)
    at Console._write (/Users/vikkasarunpareek/.nvm/versions/node/v20.10.0/lib/node_modules/firebase-tools/node_modules/winston-transport/modern.js:103:17)
    at doWrite (/Users/vikkasarunpareek/.nvm/versions/node/v20.10.0/lib/node_modules/firebase-tools/node_modules/winston-transport/node_modules/readable-stream/lib/_stream_writable.js:390:139)
[error] 
[error] Error: An unexpected error has occurred.
[debug] [2025-01-29T19:19:43.639Z] Error: write EIO
    at afterWriteDispatched (node:internal/stream_base_commons:160:15)
    at writeGeneric (node:internal/stream_base_commons:151:3)
    at Socket._writeGeneric (node:net:952:11)
    at Socket._write (node:net:964:8)
    at writeOrBuffer (node:internal/streams/writable:556:12)
    at _write (node:internal/streams/writable:490:10)
    at Writable.write (node:internal/streams/writable:494:10)
    at Console.log (/Users/vikkasarunpareek/.nvm/versions/node/v20.10.0/lib/node_modules/firebase-tools/node_modules/winston/lib/winston/transports/console.js:87:23)
    at Console._write (/Users/vikkasarunpareek/.nvm/versions/node/v20.10.0/lib/node_modules/firebase-tools/node_modules/winston-transport/modern.js:103:17)
    at doWrite (/Users/vikkasarunpareek/.nvm/versions/node/v20.10.0/lib/node_modules/firebase-tools/node_modules/winston-transport/node_modules/readable-stream/lib/_stream_writable.js:390:139)
[error] 
[error] Error: An unexpected error has occurred.
[debug] [2025-01-29T19:19:43.642Z] Error: write EIO
    at afterWriteDispatched (node:internal/stream_base_commons:160:15)
    at writeGeneric (node:internal/stream_base_commons:151:3)
    at Socket._writeGeneric (node:net:952:11)
    at Socket._write (node:net:964:8)
    at writeOrBuffer (node:internal/streams/writable:556:12)
    at _write (node:internal/streams/writable:490:10)
    at Writable.write (node:internal/streams/writable:494:10)
    at Console.log (/Users/vikkasarunpareek/.nvm/versions/node/v20.10.0/lib/node_modules/firebase-tools/node_modules/winston/lib/winston/transports/console.js:87:23)
    at Console._write (/Users/vikkasarunpareek/.nvm/versions/node/v20.10.0/lib/node_modules/firebase-tools/node_modules/winston-transport/modern.js:103:17)
    at doWrite (/Users/vikkasarunpareek/.nvm/versions/node/v20.10.0/lib/node_modules/firebase-tools/node_modules/winston-transport/node_modules/readable-stream/lib/_stream_writable.js:390:139)
[error] 
[error] Error: An unexpected error has occurred.
[debug] [2025-01-29T19:19:43.652Z] Error: write EIO
    at afterWriteDispatched (node:internal/stream_base_commons:160:15)
    at writeGeneric (node:internal/stream_base_commons:151:3)
    at Socket._writeGeneric (node:net:952:11)
    at Socket._write (node:net:964:8)
    at writeOrBuffer (node:internal/streams/writable:556:12)
    at _write (node:internal/streams/writable:490:10)
    at Writable.write (node:internal/streams/writable:494:10)
    at Console.log (/Users/vikkasarunpareek/.nvm/versions/node/v20.10.0/lib/node_modules/firebase-tools/node_modules/winston/lib/winston/transports/console.js:87:23)
    at Console._write (/Users/vikkasarunpareek/.nvm/versions/node/v20.10.0/lib/node_modules/firebase-tools/node_modules/winston-transport/modern.js:103:17)
    at doWrite (/Users/vikkasarunpareek/.nvm/versions/node/v20.10.0/lib/node_modules/firebase-tools/node_modules/winston-transport/node_modules/readable-stream/lib/_stream_writable.js:390:139)
[error] 
[error] Error: An unexpected error has occurred.
[debug] [2025-01-29T19:19:43.655Z] Error: write EIO
    at afterWriteDispatched (node:internal/stream_base_commons:160:15)
    at writeGeneric (node:internal/stream_base_commons:151:3)
    at Socket._writeGeneric (node:net:952:11)
    at Socket._write (node:net:964:8)
    at writeOrBuffer (node:internal/streams/writable:556:12)
    at _write (node:internal/streams/writable:490:10)
    at Writable.write (node:internal/streams/writable:494:10)
    at Console.log (/Users/vikkasarunpareek/.nvm/versions/node/v20.10.0/lib/node_modules/firebase-tools/node_modules/winston/lib/winston/transports/console.js:87:23)
    at Console._write (/Users/vikkasarunpareek/.nvm/versions/node/v20.10.0/lib/node_modules/firebase-tools/node_modules/winston-transport/modern.js:103:17)
    at doWrite (/Users/vikkasarunpareek/.nvm/versions/node/v20.10.0/lib/node_modules/firebase-tools/node_modules/winston-transport/node_modules/readable-stream/lib/_stream_writable.js:390:139)
[error] 
[error] Error: An unexpected error has occurred.
[debug] [2025-01-29T19:19:43.656Z] Error: write EIO
    at afterWriteDispatched (node:internal/stream_base_commons:160:15)
    at writeGeneric (node:internal/stream_base_commons:151:3)
    at Socket._writeGeneric (node:net:952:11)
    at Socket._write (node:net:964:8)
    at writeOrBuffer (node:internal/streams/writable:556:12)
    at _write (node:internal/streams/writable:490:10)
    at Writable.write (node:internal/streams/writable:494:10)
    at Console.log (/Users/vikkasarunpareek/.nvm/versions/node/v20.10.0/lib/node_modules/firebase-tools/node_modules/winston/lib/winston/transports/console.js:87:23)
    at Console._write (/Users/vikkasarunpareek/.nvm/versions/node/v20.10.0/lib/node_modules/firebase-tools/node_modules/winston-transport/modern.js:103:17)
    at doWrite (/Users/vikkasarunpareek/.nvm/versions/node/v20.10.0/lib/node_modules/firebase-tools/node_modules/winston-transport/node_modules/readable-stream/lib/_stream_writable.js:390:139)
[error] 
[error] Error: An unexpected error has occurred.
[debug] [2025-01-29T19:19:43.658Z] Error: write EIO
    at afterWriteDispatched (node:internal/stream_base_commons:160:15)
    at writeGeneric (node:internal/stream_base_commons:151:3)
    at Socket._writeGeneric (node:net:952:11)
    at Socket._write (node:net:964:8)
    at writeOrBuffer (node:internal/streams/writable:556:12)
    at _write (node:internal/streams/writable:490:10)
    at Writable.write (node:internal/streams/writable:494:10)
    at Console.log (/Users/vikkasarunpareek/.nvm/versions/node/v20.10.0/lib/node_modules/firebase-tools/node_modules/winston/lib/winston/transports/console.js:87:23)
    at Console._write (/Users/vikkasarunpareek/.nvm/versions/node/v20.10.0/lib/node_modules/firebase-tools/node_modules/winston-transport/modern.js:103:17)
    at doWrite (/Users/vikkasarunpareek/.nvm/versions/node/v20.10.0/lib/node_modules/firebase-tools/node_modules/winston-transport/node_modules/readable-stream/lib/_stream_writable.js:390:139)
[error] 
[error] Error: An unexpected error has occurred.
[debug] [2025-01-29T19:19:43.660Z] Error: write EIO
    at afterWriteDispatched (node:internal/stream_base_commons:160:15)
    at writeGeneric (node:internal/stream_base_commons:151:3)
    at Socket._writeGeneric (node:net:952:11)
    at Socket._write (node:net:964:8)
    at writeOrBuffer (node:internal/streams/writable:556:12)
    at _write (node:internal/streams/writable:490:10)
    at Writable.write (node:internal/streams/writable:494:10)
    at Console.log (/Users/vikkasarunpareek/.nvm/versions/node/v20.10.0/lib/node_modules/firebase-tools/node_modules/winston/lib/winston/transports/console.js:87:23)
    at Console._write (/Users/vikkasarunpareek/.nvm/versions/node/v20.10.0/lib/node_modules/firebase-tools/node_modules/winston-transport/modern.js:103:17)
    at doWrite (/Users/vikkasarunpareek/.nvm/versions/node/v20.10.0/lib/node_modules/firebase-tools/node_modules/winston-transport/node_modules/readable-stream/lib/_stream_writable.js:390:139)
